1w 2w 3w 4w 5h 6w 7h 8w 9h
bad luck
1w 2h 3w 4h 5w 6w 7h 8w 9h
bad luck
1w 2w 3h 4w 5h 6w 7h 8h 9h
1w 2w 3w 4w 5h 6w 7h 8w 9w
bad luck
1h 2h 3w 4w 5h 6w 7w 8h 9w
1h 2w 3w 4w 5w 6h 7h 8w 9h
1h 2h 3w 4w 5w 6w 7w 8w 9w
1h 2w 3h 4h 5w 6w 7w 8w 9w 10w 11h 12h 13w 14w 15h 16w 17h 18w 19w 20w 21w 22w 23w 24w 25w 26h 27w 28h 29h
1w 2w 3w 4w 5h 6w 7h 8w 9h 10h 11h 12h 13w 14w 15h 16h 17h 18w 19h 20w 21h 22w 23h 24w 25h 26w 27w 28w 29w
1h 2w 3h 4w 5w 6h 7w 8h 9h 10h 11w 12h 13w 14w 15w 16h 17h 18h 19w 20w 21h 22h 23w 24w 25h 26w 27w 28h 29h
1w 2h 3w 4w 5w 6h 7w 8h 9w 10h 11w 12h 13h 14h 15h 16h 17w 18w 19w 20w 21w 22w 23h 24h 25w 26h 27w 28w 29h
1h 2w 3h 4h 5w 6w 7w 8h 9w 10h 11h 12h 13h 14h 15w 16w 17w 18h 19h 20w 21w 22w 23w 24h 25h 26w 27w 28w 29w
1w 2w 3w 4h 5w 6w 7w 8w 9w 10h 11w 12w 13h 14w 15h 16h 17h 18w 19w 20h 21h 22h 23w 24w 25w 26w 27w 28h 29h
1w 2w 3h 4w 5h 6h 7h 8h 9w 10w 11w 12h 13h 14w 15w 16h 17w 18w 19h 20w 21w 22w 23w 24h 25w 26w 27h 28h 29w
1w 2w 3w 4h 5w 6h 7w 8h 9h 10w 11w 12w 13h 14h 15h 16h 17w 18w 19h 20w 21w 22w 23w 24h 25h 26w 27w 28h 29w
1w 2w 3w 4w 5h 6h 7w 8w 9w 10h 11w 12h 13w 14h 15h 16w 17h 18h 19w 20w 21w 22h 23h 24w 25h 26h 27w 28h 29h
bad luck
1h 2w 3h 4w 5w 6w 7w 8w 9h 10h 11h 12h 13h 14w 15w 16w 17h 18w 19h 20h 21w 22w 23h 24w 25w 26w 27h 28h 29h
bad luck
bad luck
bad luck
bad luck
1w 2w 3w 4w 5w 6w 7h 8w 9h 10w 11w 12h 13h 14w 15h 16h 17h 18h 19w 20h 21h 22h 23h 24w 25h 26w 27h 28w 29w
bad luck
1w 2h 3h 4h 5w 6w 7h 8w 9w 10h 11h 12h 13w 14h 15h 16h 17h 18h 19w 20h 21w 22w 23h 24h 25w 26w 27w 28w 29w
bad luck
bad luck
